0 info it worked if it ends with ok
1 verbose cli [ '/usr/local/bin/node', '/usr/local/bin/npm', 'start' ]
2 info using npm@3.8.8
3 info using node@v4.4.3
4 verbose run-script [ 'prestart', 'start', 'poststart' ]
5 info lifecycle express-guestbook@~prestart: express-guestbook@
6 silly lifecycle express-guestbook@~prestart: no script for prestart, continuing
7 info lifecycle express-guestbook@~start: express-guestbook@
8 verbose lifecycle express-guestbook@~start: unsafe-perm in lifecycle true
9 verbose lifecycle express-guestbook@~start: PATH: /usr/local/lib/node_modules/npm/bin/node-gyp-bin:/Users/ke015t7/Express_in_Action/chapter_03/guest_book/node_modules/.bin:/usr/local/bin:/opt/local/bin:/opt/local/sbin:/Users/ke015t7/.rvm/gems/ruby-1.9.3-p484/bin:/Users/ke015t7/.rvm/gems/ruby-1.9.3-p484@global/bin:/Users/ke015t7/.rvm/rubies/ruby-1.9.3-p484/bin:/usr/local/bin:/usr/bin:/Users/ke015t7/Workspace/build/npm/mac/bin:/Users/ke015t7/.gvm/vertx/current/bin:/Users/ke015t7/.gvm/springboot/current/bin:/Users/ke015t7/.gvm/lazybones/current/bin:/Users/ke015t7/.gvm/jbake/current/bin:/Users/ke015t7/.gvm/groovyserv/current/bin:/Users/ke015t7/.gvm/groovy/current/bin:/Users/ke015t7/.gvm/griffon/current/bin:/Users/ke015t7/.gvm/grails/current/bin:/Users/ke015t7/.gvm/gradle/current/bin:/Users/ke015t7/.gvm/glide/current/bin:/Users/ke015t7/.gvm/gaiden/current/bin:/Users/ke015t7/.gvm/crash/current/bin:/opt/local/bin:/opt/local/sbin:/usr/bin:/usr/local/bin:/bin:/usr/sbin:/sbin:/Users/ke015t7/.rvm/bin
10 verbose lifecycle express-guestbook@~start: CWD: /Users/ke015t7/Express_in_Action/chapter_03/guest_book
11 silly lifecycle express-guestbook@~start: Args: [ '-c', 'node app' ]
12 silly lifecycle express-guestbook@~start: Returned: code: 1  signal: null
13 info lifecycle express-guestbook@~start: Failed to exec start script
14 verbose stack Error: express-guestbook@ start: `node app`
14 verbose stack Exit status 1
14 verbose stack     at EventEmitter.<anonymous> (/usr/local/lib/node_modules/npm/lib/utils/lifecycle.js:244:16)
14 verbose stack     at emitTwo (events.js:87:13)
14 verbose stack     at EventEmitter.emit (events.js:172:7)
14 verbose stack     at ChildProcess.<anonymous> (/usr/local/lib/node_modules/npm/lib/utils/spawn.js:24:14)
14 verbose stack     at emitTwo (events.js:87:13)
14 verbose stack     at ChildProcess.emit (events.js:172:7)
14 verbose stack     at maybeClose (internal/child_process.js:827:16)
14 verbose stack     at Process.ChildProcess._handle.onexit (internal/child_process.js:211:5)
15 verbose pkgid express-guestbook@
16 verbose cwd /Users/ke015t7/Express_in_Action/chapter_03/guest_book
17 error Darwin 15.4.0
18 error argv "/usr/local/bin/node" "/usr/local/bin/npm" "start"
19 error node v4.4.3
20 error npm  v3.8.8
21 error code ELIFECYCLE
22 error express-guestbook@ start: `node app`
22 error Exit status 1
23 error Failed at the express-guestbook@ start script 'node app'.
23 error Make sure you have the latest version of node.js and npm installed.
23 error If you do, this is most likely a problem with the express-guestbook package,
23 error not with npm itself.
23 error Tell the author that this fails on your system:
23 error     node app
23 error You can get information on how to open an issue for this project with:
23 error     npm bugs express-guestbook
23 error Or if that isn't available, you can get their info via:
23 error     npm owner ls express-guestbook
23 error There is likely additional logging output above.
24 verbose exit [ 1, true ]
